2023-10-06 16:27:25,949	INFO	l************@1**.com	获得了 496MB 流量.
2023-10-06 16:27:27,546	INFO	l************@g****.com	获得了 466MB 流量.
2023-10-06 16:27:28,784	INFO	1*********@q*.com	获得了 466MB 流量.
2023-10-06 16:27:29,969	INFO	l*******@o******.com	获得了 384MB 流量.
2023-10-06 16:27:31,149	INFO	1**********@1**.com	获得了 418MB 流量.
2023-10-06 16:27:32,320	INFO	1*********@q*.com	获得了 320MB 流量.
2023-10-06 16:27:33,412	INFO	l*******@1**.com	获得了 443MB 流量.
2023-10-06 16:27:34,499	INFO	l**********@m************.cn	获得了 324MB 流量.
2023-10-07 16:24:13,242	INFO	l************@1**.com	获得了 360MB 流量.
2023-10-07 16:24:14,372	INFO	l************@g****.com	获得了 471MB 流量.
2023-10-07 16:24:15,518	INFO	1*********@q*.com	获得了 346MB 流量.
2023-10-07 16:24:16,663	INFO	l*******@o******.com	获得了 342MB 流量.
2023-10-07 16:24:17,757	INFO	1**********@1**.com	获得了 354MB 流量.
2023-10-07 16:24:18,876	INFO	1*********@q*.com	获得了 472MB 流量.
2023-10-07 16:24:19,994	INFO	l*******@1**.com	获得了 392MB 流量.
2023-10-07 16:24:21,113	INFO	l**********@m************.cn	获得了 384MB 流量.
2023-10-08 16:24:23,248	INFO	l************@1**.com	获得了 468MB 流量.
2023-10-08 16:24:24,033	INFO	l************@g****.com	获得了 303MB 流量.
2023-10-08 16:24:24,801	INFO	1*********@q*.com	获得了 385MB 流量.
2023-10-08 16:24:26,234	INFO	l*******@o******.com	获得了 432MB 流量.
2023-10-08 16:24:26,991	INFO	1**********@1**.com	获得了 365MB 流量.
2023-10-08 16:24:27,748	INFO	1*********@q*.com	获得了 342MB 流量.
2023-10-08 16:24:28,507	INFO	l*******@1**.com	获得了 489MB 流量.
2023-10-08 16:24:29,954	INFO	l**********@m************.cn	获得了 364MB 流量.
2023-10-09 16:26:47,651	INFO	l************@1**.com	获得了 472MB 流量.
2023-10-09 16:26:48,458	INFO	l************@g****.com	获得了 458MB 流量.
2023-10-09 16:26:49,277	INFO	1*********@q*.com	获得了 402MB 流量.
2023-10-09 16:26:50,771	INFO	l*******@o******.com	获得了 339MB 流量.
2023-10-09 16:26:51,559	INFO	1**********@1**.com	获得了 320MB 流量.
2023-10-09 16:26:52,349	INFO	1*********@q*.com	获得了 334MB 流量.
2023-10-09 16:26:53,817	INFO	l*******@1**.com	获得了 405MB 流量.
2023-10-09 16:26:54,604	INFO	l**********@m************.cn	获得了 478MB 流量.
